Build started 7/18/2011 10:10:43 AM.
     1>Project "D:\GRAD\EOS - (KB)\EOSKernel32\FileSystem\FileSystem.vcxproj" on node 3 (rebuild target(s)).
     1>_PrepareForClean:
         Deleting file "Debug\FileSystem.lastbuildstate".
       InitializeBuildStatus:
         Creating "Debug\FileSystem.unsuccessfulbuild" because "AlwaysCreate" was specified.
       ClCompile:
         C:\Program Files\Microsoft Visual Studio 10.0\VC\bin\CL.exe /c /I../Include/ /Zi /nologo /Wall /WX- /Od /Oy /D TargetMachine_IA32 /D _MBCS /X /Gm- /MD /Zp1 /GS- /fp:precise /Zc:wchar_t /Zc:forScope /GR- /Fo"Debug\\" /Fd"Debug\vc100.pdb" /Gd /TC /analyze- /errorReport:prompt FileSystem.c
         FileSystem.c
     1>FileSystem.c(400): warning C4033: 'LoadFile' must return a value
     1>FileSystem.c(439): warning C4189: 'gg2' : local variable is initialized but not referenced
     1>d:\grad\eos - (kb)\eoskernel32\filesystem\filesystem.c(412): warning C4715: 'LoadFile' : not all control paths return a value
       Lib:
         C:\Program Files\Microsoft Visual Studio 10.0\VC\bin\Lib.exe /OUT:"D:\GRAD\EOS - (KB)\EOSKernel32\Debug\FileSystem.lib" /NOLOGO Debug\FileSystem.obj
         FileSystem.vcxproj -> D:\GRAD\EOS - (KB)\EOSKernel32\Debug\FileSystem.lib
       FinalizeBuildStatus:
         Deleting file "Debug\FileSystem.unsuccessfulbuild".
         Touching "Debug\FileSystem.lastbuildstate".
     1>Done Building Project "D:\GRAD\EOS - (KB)\EOSKernel32\FileSystem\FileSystem.vcxproj" (rebuild target(s)).

Build succeeded.

Time Elapsed 00:00:00.70
