Build started 7/18/2011 10:10:44 AM.
     1>Project "D:\GRAD\EOS - (KB)\EOSKernel32\EOSKernel32\EOSKernel32.vcxproj" on node 3 (rebuild target(s)).
     1>_PrepareForClean:
         Deleting file "Debug\EOSKernel32.lastbuildstate".
       InitializeBuildStatus:
         Creating "Debug\EOSKernel32.unsuccessfulbuild" because "AlwaysCreate" was specified.
       ClCompile:
         C:\Program Files\Microsoft Visual Studio 10.0\VC\bin\CL.exe /c /I..\Include\ /Zi /nologo /Wall /WX- /Od /Oy /D TargetMachine_IA32 /X /Gm- /MD /Zp1 /GS- /fp:precise /Zc:wchar_t /Zc:forScope /GR- /FAcs /Fa"./EOSKernel_List.lst" /Fo"EOSKernel_OBJ.obj" /Fd"EOSKernel_DB.PDB" /Gd /TC /analyze- /errorReport:queue Main.c
         Main.c
     1>d:\grad\eos - (kb)\eoskernel32\eoskernel32\main.c(91): warning C4702: unreachable code
       Link:
         C:\Program Files\Microsoft Visual Studio 10.0\VC\bin\link.exe /ERRORREPORT:PROMPT /OUT:"D:\GRAD\EOS - (KB)\EOSKernel32\Debug\EOSKernel32.exe" /INCREMENTAL:NO /NOLOGO /LIBPATH:..\Library\ /NODEFAULTLIB /MANIFEST:NO /PDB:"D:\GRAD\EOS - (KB)\EOSKernel32\Debug\EOSKernel32.pdb" /MAP:"EOSKernel_Map.map" /SUBSYSTEM:NATIVE /Driver /OPT:REF /OPT:ICF /TLBID:1 /ENTRY:"Kernel_Entry" /BASE:"0x10000" /FIXED:NO /IMPLIB:"D:\GRAD\EOS - (KB)\EOSKernel32\Debug\EOSKernel32.lib" /MACHINE:X86 EOSKernel_OBJ.obj
         "D:\GRAD\EOS - (KB)\EOSKernel32\Debug\Common.lib"
         "D:\GRAD\EOS - (KB)\EOSKernel32\Debug\IA32.lib"
         "D:\GRAD\EOS - (KB)\EOSKernel32\Debug\HardDiskDriver.lib"
         "D:\GRAD\EOS - (KB)\EOSKernel32\Debug\PhysicalMemoryManager.lib"
         "D:\GRAD\EOS - (KB)\EOSKernel32\Debug\KeyBoardDriver.lib"
         "D:\GRAD\EOS - (KB)\EOSKernel32\Debug\FileSystem.lib"  /ALIGN:512 
         EOSKernel32.vcxproj -> D:\GRAD\EOS - (KB)\EOSKernel32\Debug\EOSKernel32.exe
       FinalizeBuildStatus:
         Deleting file "Debug\EOSKernel32.unsuccessfulbuild".
         Touching "Debug\EOSKernel32.lastbuildstate".
     1>Done Building Project "D:\GRAD\EOS - (KB)\EOSKernel32\EOSKernel32\EOSKernel32.vcxproj" (rebuild target(s)).

Build succeeded.

Time Elapsed 00:00:02.44
