Build started 7/18/2011 10:10:40 AM.
     1>Project "D:\GRAD\EOS - (KB)\EOSKernel32\Library\Library.vcxproj" on node 2 (rebuild target(s)).
     1>_PrepareForClean:
         Deleting file "Debug\Common.lastbuildstate".
       InitializeBuildStatus:
         Creating "Debug\Common.unsuccessfulbuild" because "AlwaysCreate" was specified.
       ClCompile:
         C:\Program Files\Microsoft Visual Studio 10.0\VC\bin\CL.exe /c /I../Include/ /Zi /nologo /Wall /WX- /Od /Oy /D TargetMachine_IA32 /D _MBCS /X /Gm- /MD /Zp1 /GS- /fp:precise /Zc:wchar_t /Zc:forScope /GR- /FAc /Fa"Debug\\" /Fo"Debug\\" /Fd"Debug\vc100.pdb" /Gd /TC /analyze- /errorReport:prompt "MemMappedIO-IA32.c" Runtime.c String.c
         MemMappedIO-IA32.c
         Runtime.c
         String.c
         Generating Code...
       Lib:
         C:\Program Files\Microsoft Visual Studio 10.0\VC\bin\Lib.exe /OUT:"D:\GRAD\EOS - (KB)\EOSKernel32\Debug\Common.lib" /NOLOGO "Debug\MemMappedIO-IA32.obj"
         Debug\Runtime.obj
         Debug\String.obj
         Library.vcxproj -> D:\GRAD\EOS - (KB)\EOSKernel32\Debug\Common.lib
       FinalizeBuildStatus:
         Deleting file "Debug\Common.unsuccessfulbuild".
         Touching "Debug\Common.lastbuildstate".
     1>Done Building Project "D:\GRAD\EOS - (KB)\EOSKernel32\Library\Library.vcxproj" (rebuild target(s)).

Build succeeded.

Time Elapsed 00:00:01.24
