Build started 7/18/2011 10:10:42 AM.
     1>Project "D:\GRAD\EOS - (KB)\EOSKernel32\Architecture dependent\IA32\IA32.vcxproj" on node 3 (rebuild target(s)).
     1>_PrepareForClean:
         Deleting file "Debug\IA32.lastbuildstate".
       InitializeBuildStatus:
         Creating "Debug\IA32.unsuccessfulbuild" because "AlwaysCreate" was specified.
       ClCompile:
         C:\Program Files\Microsoft Visual Studio 10.0\VC\bin\CL.exe /c /I..\..\Include /Zi /nologo /Wall /WX- /Od /Oy /D TargetMachine_IA32 /X /Gm- /MD /Zp1 /GS- /fp:precise /Zc:wchar_t /Zc:forScope /GR- /FAcs /Fa"Debug\\" /Fo"Debug\\" /Fd"Debug\vc100.pdb" /Gd /TC /analyze- /errorReport:prompt GDT.c IDT.c MemoryMappedIO.c PIC.c TextDisplay.c
         GDT.c
         IDT.c
         MemoryMappedIO.c
         PIC.c
         TextDisplay.c
     1>TextDisplay.c(98): warning C4026: function declared with formal parameter list
         Generating Code...
       Lib:
         C:\Program Files\Microsoft Visual Studio 10.0\VC\bin\Lib.exe /OUT:"D:\GRAD\EOS - (KB)\EOSKernel32\Debug\IA32.lib" /NOLOGO Debug\GDT.obj
         Debug\IDT.obj
         Debug\MemoryMappedIO.obj
         Debug\PIC.obj
         Debug\TextDisplay.obj
         IA32.vcxproj -> D:\GRAD\EOS - (KB)\EOSKernel32\Debug\IA32.lib
       FinalizeBuildStatus:
         Deleting file "Debug\IA32.unsuccessfulbuild".
         Touching "Debug\IA32.lastbuildstate".
     1>Done Building Project "D:\GRAD\EOS - (KB)\EOSKernel32\Architecture dependent\IA32\IA32.vcxproj" (rebuild target(s)).

Build succeeded.

Time Elapsed 00:00:01.01
